<!DOCTYPE html>
<html>
  <head>
    <meta charset="utf-8"/>
    <title>Test Report</title>
    <link href="assets/style.css" rel="stylesheet" type="text/css"/></head>
  <body onLoad="init()">
    <script>/* This Source Code Form is subject to the terms of the Mozilla Public
 * License, v. 2.0. If a copy of the MPL was not distributed with this file,
 * You can obtain one at http://mozilla.org/MPL/2.0/. */


function toArray(iter) {
    if (iter === null) {
        return null;
    }
    return Array.prototype.slice.call(iter);
}

function find(selector, elem) {
    if (!elem) {
        elem = document;
    }
    return elem.querySelector(selector);
}

function find_all(selector, elem) {
    if (!elem) {
        elem = document;
    }
    return toArray(elem.querySelectorAll(selector));
}

function sort_column(elem) {
    toggle_sort_states(elem);
    var colIndex = toArray(elem.parentNode.childNodes).indexOf(elem);
    var key;
    if (elem.classList.contains('numeric')) {
        key = key_num;
    } else if (elem.classList.contains('result')) {
        key = key_result;
    } else {
        key = key_alpha;
    }
    sort_table(elem, key(colIndex));
}

function show_all_extras() {
    find_all('.col-result').forEach(show_extras);
}

function hide_all_extras() {
    find_all('.col-result').forEach(hide_extras);
}

function show_extras(colresult_elem) {
    var extras = colresult_elem.parentNode.nextElementSibling;
    var expandcollapse = colresult_elem.firstElementChild;
    extras.classList.remove("collapsed");
    expandcollapse.classList.remove("expander");
    expandcollapse.classList.add("collapser");
}

function hide_extras(colresult_elem) {
    var extras = colresult_elem.parentNode.nextElementSibling;
    var expandcollapse = colresult_elem.firstElementChild;
    extras.classList.add("collapsed");
    expandcollapse.classList.remove("collapser");
    expandcollapse.classList.add("expander");
}

function show_filters() {
    var filter_items = document.getElementsByClassName('filter');
    for (var i = 0; i < filter_items.length; i++)
        filter_items[i].hidden = false;
}

function add_collapse() {
    // Add links for show/hide all
    var resulttable = find('table#results-table');
    var showhideall = document.createElement("p");
    showhideall.innerHTML = '<a href="javascript:show_all_extras()">Show all details</a> / ' +
                            '<a href="javascript:hide_all_extras()">Hide all details</a>';
    resulttable.parentElement.insertBefore(showhideall, resulttable);

    // Add show/hide link to each result
    find_all('.col-result').forEach(function(elem) {
        var extras = elem.parentNode.nextElementSibling;
        var expandcollapse = document.createElement("span");
        if (elem.innerHTML === 'Passed') {
            extras.classList.add("collapsed");
            expandcollapse.classList.add("expander");
        } else {
            expandcollapse.classList.add("collapser");
        }
        elem.appendChild(expandcollapse);

        elem.addEventListener("click", function(event) {
            if (event.currentTarget.parentNode.nextElementSibling.classList.contains("collapsed")) {
                show_extras(event.currentTarget);
            } else {
                hide_extras(event.currentTarget);
            }
        });
    })
}

function init () {
    reset_sort_headers();

    add_collapse();

    show_filters();

    toggle_sort_states(find('.initial-sort'));

    find_all('.sortable').forEach(function(elem) {
        elem.addEventListener("click",
                              function(event) {
                                  sort_column(elem);
                              }, false)
    });

};

function sort_table(clicked, key_func) {
    var rows = find_all('.results-table-row');
    var reversed = !clicked.classList.contains('asc');
    var sorted_rows = sort(rows, key_func, reversed);
    /* Whole table is removed here because browsers acts much slower
     * when appending existing elements.
     */
    var thead = document.getElementById("results-table-head");
    document.getElementById('results-table').remove();
    var parent = document.createElement("table");
    parent.id = "results-table";
    parent.appendChild(thead);
    sorted_rows.forEach(function(elem) {
        parent.appendChild(elem);
    });
    document.getElementsByTagName("BODY")[0].appendChild(parent);
}

function sort(items, key_func, reversed) {
    var sort_array = items.map(function(item, i) {
        return [key_func(item), i];
    });
    var multiplier = reversed ? -1 : 1;

    sort_array.sort(function(a, b) {
        var key_a = a[0];
        var key_b = b[0];
        return multiplier * (key_a >= key_b ? 1 : -1);
    });

    return sort_array.map(function(item) {
        var index = item[1];
        return items[index];
    });
}

function key_alpha(col_index) {
    return function(elem) {
        return elem.childNodes[1].childNodes[col_index].firstChild.data.toLowerCase();
    };
}

function key_num(col_index) {
    return function(elem) {
        return parseFloat(elem.childNodes[1].childNodes[col_index].firstChild.data);
    };
}

function key_result(col_index) {
    return function(elem) {
        var strings = ['Error', 'Failed', 'Rerun', 'XFailed', 'XPassed',
                       'Skipped', 'Passed'];
        return strings.indexOf(elem.childNodes[1].childNodes[col_index].firstChild.data);
    };
}

function reset_sort_headers() {
    find_all('.sort-icon').forEach(function(elem) {
        elem.parentNode.removeChild(elem);
    });
    find_all('.sortable').forEach(function(elem) {
        var icon = document.createElement("div");
        icon.className = "sort-icon";
        icon.textContent = "vvv";
        elem.insertBefore(icon, elem.firstChild);
        elem.classList.remove("desc", "active");
        elem.classList.add("asc", "inactive");
    });
}

function toggle_sort_states(elem) {
    //if active, toggle between asc and desc
    if (elem.classList.contains('active')) {
        elem.classList.toggle('asc');
        elem.classList.toggle('desc');
    }

    //if inactive, reset all other functions and add ascending active
    if (elem.classList.contains('inactive')) {
        reset_sort_headers();
        elem.classList.remove('inactive');
        elem.classList.add('active');
    }
}

function is_all_rows_hidden(value) {
  return value.hidden == false;
}

function filter_table(elem) {
    var outcome_att = "data-test-result";
    var outcome = elem.getAttribute(outcome_att);
    class_outcome = outcome + " results-table-row";
    var outcome_rows = document.getElementsByClassName(class_outcome);

    for(var i = 0; i < outcome_rows.length; i++){
        outcome_rows[i].hidden = !elem.checked;
    }

    var rows = find_all('.results-table-row').filter(is_all_rows_hidden);
    var all_rows_hidden = rows.length == 0 ? true : false;
    var not_found_message = document.getElementById("not-found-message");
    not_found_message.hidden = !all_rows_hidden;
}
</script>
    <h1>web_testReport_2018-04-23-14_00_02.html</h1>
    <p>Report generated on 23-Apr-2018 at 14:00:27 by<a href="https://pypi.python.org/pypi/pytest-html"> pytest-html</a> v1.17.0</p>
    <h2>Environment</h2>
    <table id="environment">
      <tr>
        <td>Packages</td>
        <td>{&apos;pytest&apos;: &apos;3.5.0&apos;, &apos;py&apos;: &apos;1.5.3&apos;, &apos;pluggy&apos;: &apos;0.6.0&apos;}</td></tr>
      <tr>
        <td>Platform</td>
        <td>Windows-10-10.0.16299-SP0</td></tr>
      <tr>
        <td>Plugins</td>
        <td>{&apos;metadata&apos;: &apos;1.7.0&apos;, &apos;html&apos;: &apos;1.17.0&apos;}</td></tr>
      <tr>
        <td>Python</td>
        <td>3.6.5</td></tr></table>
    <h2>Summary</h2>
    <p>2 tests ran in 25.08 seconds. </p>
    <p class="filter" hidden="true">(Un)check the boxes to filter the results.</p><input checked="true" class="filter" data-test-result="passed" disabled="true" hidden="true" name="filter_checkbox" onChange="filter_table(this)" type="checkbox"/><span class="passed">0 passed</span>, <input checked="true" class="filter" data-test-result="skipped" disabled="true" hidden="true" name="filter_checkbox" onChange="filter_table(this)" type="checkbox"/><span class="skipped">0 skipped</span>, <input checked="true" class="filter" data-test-result="failed" hidden="true" name="filter_checkbox" onChange="filter_table(this)" type="checkbox"/><span class="failed">2 failed</span>, <input checked="true" class="filter" data-test-result="error" disabled="true" hidden="true" name="filter_checkbox" onChange="filter_table(this)" type="checkbox"/><span class="error">0 errors</span>, <input checked="true" class="filter" data-test-result="xfailed" disabled="true" hidden="true" name="filter_checkbox" onChange="filter_table(this)" type="checkbox"/><span class="xfailed">0 expected failures</span>, <input checked="true" class="filter" data-test-result="xpassed" disabled="true" hidden="true" name="filter_checkbox" onChange="filter_table(this)" type="checkbox"/><span class="xpassed">0 unexpected passes</span>
    <h2>Results</h2>
    <table id="results-table">
      <thead id="results-table-head">
        <tr>
          <th class="sortable result initial-sort" col="result">Result</th>
          <th class="sortable" col="name">Test</th>
          <th class="sortable numeric" col="duration">Duration</th>
          <th>Links</th></tr>
        <tr hidden="true" id="not-found-message">
          <th colspan="4">No results found. Try to check the filters</th></tr></thead>
      <tbody class="failed results-table-row">
        <tr>
          <td class="col-result">Failed</td>
          <td class="col-name">TestCases/test_login_page.py::TestPara::()::test_login[sellerjoker001@onts.cn-111111-\u5356\u5bb6\u4e2d\u5fc3 | 17TRACK]</td>
          <td class="col-duration">6.23</td>
          <td class="col-links"></td></tr>
        <tr>
          <td class="extra" colspan="4">
            <div class="log">self = &lt;web.TestCases.test_login_page.TestPara object at 0x05805990&gt;<br/>login_email_text = &#x27;sellerjoker001@onts.cn&#x27;, login_pass_text = &#x27;111111&#x27;<br/>expect_value = &#x27;卖家中心 | 17TRACK&#x27;<br/><br/>    @pytest.mark.parametrize(&#x27;login_email_text, login_pass_text, expect_value&#x27;, login_info)<br/>    def test_login(self, login_email_text, login_pass_text, expect_value):<br/>        login_page_url = config.login_page_url<br/>        login_page = LoginPage(self.driver, login_page_url)<br/>        login_page.input_login_email(login_email_text)<br/>        login_page.input_login_pass(login_pass_text)<br/>        login_page.click_login_btn()<br/>        page_title =self.driver.title<br/>&gt;       assert page_title == expect_value<br/><span class="error">E       AssertionError: assert &#x27;账号登录 | 17TRACK&#x27; == &#x27;卖家中心 | 17TRACK&#x27;</span><br/><span class="error">E         - 账号登录 | 17TRACK</span><br/><span class="error">E         + 卖家中心 | 17TRACK</span><br/><br/>TestCases\test_login_page.py:31: AssertionError<br/></div></td></tr></tbody>
      <tbody class="failed results-table-row">
        <tr>
          <td class="col-result">Failed</td>
          <td class="col-name">TestCases/test_seller_center.py::TestSeller::()::test_login[sellerjoker001@onts.cn-111111-\u5356\u5bb6\u4e2d\u5fc3 | 17TRACK]</td>
          <td class="col-duration">7.23</td>
          <td class="col-links"></td></tr>
        <tr>
          <td class="extra" colspan="4">
            <div class="log">self = &lt;web.TestCases.test_seller_center.TestSeller object at 0x057EBCD0&gt;<br/>login_email_text = &#x27;sellerjoker001@onts.cn&#x27;, login_pass_text = &#x27;111111&#x27;<br/>expect_value = &#x27;卖家中心 | 17TRACK&#x27;<br/><br/>    @pytest.mark.parametrize(&#x27;login_email_text, login_pass_text, expect_value&#x27;, login_info)<br/>    def test_login(self, login_email_text, login_pass_text, expect_value):<br/>        login_page_url = config.login_page_url<br/>        login_page = LoginPage(self.driver, login_page_url)<br/>    <br/>        logger.info(login_page.get_current_page_title())<br/>    <br/>        login_page.input_login_email(login_email_text)<br/>        login_page.input_login_pass(login_pass_text)<br/>        seller_center_page = login_page.go_to_seller_center_page()<br/>    <br/>        logger.info(seller_center_page.get_current_page_title())<br/>    <br/>        logistics_track_page = seller_center_page.go_to_seller_logistics_track_page()<br/>        page_title = logistics_track_page.get_current_page_title()<br/>    <br/>        logger.info(page_title)<br/>    <br/>&gt;       assert page_title == expect_value<br/><span class="error">E       AssertionError: assert &#x27;账号登录 | 17TRACK&#x27; == &#x27;卖家中心 | 17TRACK&#x27;</span><br/><span class="error">E         - 账号登录 | 17TRACK</span><br/><span class="error">E         + 卖家中心 | 17TRACK</span><br/><br/>TestCases\test_seller_center.py:45: AssertionError<br/>----------------------------- Captured stderr call -----------------------------<br/>--- Logging error ---
Traceback (most recent call last):
  File &quot;D:\mysoftware\python\lib\logging\__init__.py&quot;, line 992, in emit
    msg = self.format(record)
  File &quot;D:\mysoftware\python\lib\logging\__init__.py&quot;, line 838, in format
    return fmt.format(record)
  File &quot;D:\mysoftware\python\lib\logging\__init__.py&quot;, line 575, in format
    record.message = record.getMessage()
  File &quot;D:\mysoftware\python\lib\logging\__init__.py&quot;, line 338, in getMessage
    msg = msg % self.args
TypeError: not all arguments converted during string formatting
Call stack:
  File &quot;C:\Users\17TRACK\eclipse-workspace\TestPython\pytest\web\StartMain.py&quot;, line 27, in &lt;module&gt;
    pytest.main(config.pytest_cmd_path)
  File &quot;D:\mysoftware\python\lib\site-packages\_pytest\config.py&quot;, line 61, in main
    return config.hook.pytest_cmdline_main(config=config)
  File &quot;D:\mysoftware\python\lib\site-packages\pluggy\__init__.py&quot;, line 617, in __call__
    return self._hookexec(self, self._nonwrappers + self._wrappers, kwargs)
  File &quot;D:\mysoftware\python\lib\site-packages\pluggy\__init__.py&quot;, line 222, in _hookexec
    return self._inner_hookexec(hook, methods, kwargs)
  File &quot;D:\mysoftware\python\lib\site-packages\pluggy\__init__.py&quot;, line 216, in &lt;lambda&gt;
    firstresult=hook.spec_opts.get(&#x27;firstresult&#x27;),
  File &quot;D:\mysoftware\python\lib\site-packages\pluggy\callers.py&quot;, line 180, in _multicall
    res = hook_impl.function(*args)
  File &quot;D:\mysoftware\python\lib\site-packages\_pytest\main.py&quot;, line 138, in pytest_cmdline_main
    return wrap_session(config, _main)
  File &quot;D:\mysoftware\python\lib\site-packages\_pytest\main.py&quot;, line 107, in wrap_session
    session.exitstatus = doit(config, session) or 0
  File &quot;D:\mysoftware\python\lib\site-packages\_pytest\main.py&quot;, line 145, in _main
    config.hook.pytest_runtestloop(session=session)
  File &quot;D:\mysoftware\python\lib\site-packages\pluggy\__init__.py&quot;, line 617, in __call__
    return self._hookexec(self, self._nonwrappers + self._wrappers, kwargs)
  File &quot;D:\mysoftware\python\lib\site-packages\pluggy\__init__.py&quot;, line 222, in _hookexec
    return self._inner_hookexec(hook, methods, kwargs)
  File &quot;D:\mysoftware\python\lib\site-packages\pluggy\__init__.py&quot;, line 216, in &lt;lambda&gt;
    firstresult=hook.spec_opts.get(&#x27;firstresult&#x27;),
  File &quot;D:\mysoftware\python\lib\site-packages\pluggy\callers.py&quot;, line 180, in _multicall
    res = hook_impl.function(*args)
  File &quot;D:\mysoftware\python\lib\site-packages\_pytest\main.py&quot;, line 168, in pytest_runtestloop
    item.config.hook.pytest_runtest_protocol(item=item, nextitem=nextitem)
  File &quot;D:\mysoftware\python\lib\site-packages\pluggy\__init__.py&quot;, line 617, in __call__
    return self._hookexec(self, self._nonwrappers + self._wrappers, kwargs)
  File &quot;D:\mysoftware\python\lib\site-packages\pluggy\__init__.py&quot;, line 222, in _hookexec
    return self._inner_hookexec(hook, methods, kwargs)
  File &quot;D:\mysoftware\python\lib\site-packages\pluggy\__init__.py&quot;, line 216, in &lt;lambda&gt;
    firstresult=hook.spec_opts.get(&#x27;firstresult&#x27;),
  File &quot;D:\mysoftware\python\lib\site-packages\pluggy\callers.py&quot;, line 180, in _multicall
    res = hook_impl.function(*args)
  File &quot;D:\mysoftware\python\lib\site-packages\_pytest\runner.py&quot;, line 62, in pytest_runtest_protocol
    runtestprotocol(item, nextitem=nextitem)
  File &quot;D:\mysoftware\python\lib\site-packages\_pytest\runner.py&quot;, line 79, in runtestprotocol
    reports.append(call_and_report(item, &quot;call&quot;, log))
  File &quot;D:\mysoftware\python\lib\site-packages\_pytest\runner.py&quot;, line 158, in call_and_report
    call = call_runtest_hook(item, when, **kwds)
  File &quot;D:\mysoftware\python\lib\site-packages\_pytest\runner.py&quot;, line 178, in call_runtest_hook
    return CallInfo(lambda: ihook(item=item, **kwds), when=when)
  File &quot;D:\mysoftware\python\lib\site-packages\_pytest\runner.py&quot;, line 192, in __init__
    self.result = func()
  File &quot;D:\mysoftware\python\lib\site-packages\_pytest\runner.py&quot;, line 178, in &lt;lambda&gt;
    return CallInfo(lambda: ihook(item=item, **kwds), when=when)
  File &quot;D:\mysoftware\python\lib\site-packages\pluggy\__init__.py&quot;, line 617, in __call__
    return self._hookexec(self, self._nonwrappers + self._wrappers, kwargs)
  File &quot;D:\mysoftware\python\lib\site-packages\pluggy\__init__.py&quot;, line 222, in _hookexec
    return self._inner_hookexec(hook, methods, kwargs)
  File &quot;D:\mysoftware\python\lib\site-packages\pluggy\__init__.py&quot;, line 216, in &lt;lambda&gt;
    firstresult=hook.spec_opts.get(&#x27;firstresult&#x27;),
  File &quot;D:\mysoftware\python\lib\site-packages\pluggy\callers.py&quot;, line 180, in _multicall
    res = hook_impl.function(*args)
  File &quot;D:\mysoftware\python\lib\site-packages\_pytest\runner.py&quot;, line 109, in pytest_runtest_call
    item.runtest()
  File &quot;D:\mysoftware\python\lib\site-packages\_pytest\python.py&quot;, line 1179, in runtest
    self.ihook.pytest_pyfunc_call(pyfuncitem=self)
  File &quot;D:\mysoftware\python\lib\site-packages\pluggy\__init__.py&quot;, line 617, in __call__
    return self._hookexec(self, self._nonwrappers + self._wrappers, kwargs)
  File &quot;D:\mysoftware\python\lib\site-packages\pluggy\__init__.py&quot;, line 222, in _hookexec
    return self._inner_hookexec(hook, methods, kwargs)
  File &quot;D:\mysoftware\python\lib\site-packages\pluggy\__init__.py&quot;, line 216, in &lt;lambda&gt;
    firstresult=hook.spec_opts.get(&#x27;firstresult&#x27;),
  File &quot;D:\mysoftware\python\lib\site-packages\pluggy\callers.py&quot;, line 180, in _multicall
    res = hook_impl.function(*args)
  File &quot;D:\mysoftware\python\lib\site-packages\_pytest\python.py&quot;, line 155, in pytest_pyfunc_call
    testfunction(**testargs)
  File &quot;C:\Users\17TRACK\eclipse-workspace\TestPython\pytest\web\TestCases\test_seller_center.py&quot;, line 32, in test_login
    logger.info(login_page.get_current_page_title())
  File &quot;C:\Users\17TRACK\eclipse-workspace\TestPython\pytest\web\PageObject\LoginPage.py&quot;, line 36, in get_current_page_title
    return self.get_page_title()
  File &quot;C:\Users\17TRACK\eclipse-workspace\TestPython\pytest\web\PageObject\BasePage.py&quot;, line 51, in get_page_title
    logger.info(&quot;当前页面title：&quot;, self.driver.title)
Message: &#x27;当前页面title：&#x27;
Arguments: (&#x27;账号登录 | 17TRACK&#x27;,)
--- Logging error ---
Traceback (most recent call last):
  File &quot;D:\mysoftware\python\lib\logging\__init__.py&quot;, line 992, in emit
    msg = self.format(record)
  File &quot;D:\mysoftware\python\lib\logging\__init__.py&quot;, line 838, in format
    return fmt.format(record)
  File &quot;D:\mysoftware\python\lib\logging\__init__.py&quot;, line 575, in format
    record.message = record.getMessage()
  File &quot;D:\mysoftware\python\lib\logging\__init__.py&quot;, line 338, in getMessage
    msg = msg % self.args
TypeError: not all arguments converted during string formatting
Call stack:
  File &quot;C:\Users\17TRACK\eclipse-workspace\TestPython\pytest\web\StartMain.py&quot;, line 27, in &lt;module&gt;
    pytest.main(config.pytest_cmd_path)
  File &quot;D:\mysoftware\python\lib\site-packages\_pytest\config.py&quot;, line 61, in main
    return config.hook.pytest_cmdline_main(config=config)
  File &quot;D:\mysoftware\python\lib\site-packages\pluggy\__init__.py&quot;, line 617, in __call__
    return self._hookexec(self, self._nonwrappers + self._wrappers, kwargs)
  File &quot;D:\mysoftware\python\lib\site-packages\pluggy\__init__.py&quot;, line 222, in _hookexec
    return self._inner_hookexec(hook, methods, kwargs)
  File &quot;D:\mysoftware\python\lib\site-packages\pluggy\__init__.py&quot;, line 216, in &lt;lambda&gt;
    firstresult=hook.spec_opts.get(&#x27;firstresult&#x27;),
  File &quot;D:\mysoftware\python\lib\site-packages\pluggy\callers.py&quot;, line 180, in _multicall
    res = hook_impl.function(*args)
  File &quot;D:\mysoftware\python\lib\site-packages\_pytest\main.py&quot;, line 138, in pytest_cmdline_main
    return wrap_session(config, _main)
  File &quot;D:\mysoftware\python\lib\site-packages\_pytest\main.py&quot;, line 107, in wrap_session
    session.exitstatus = doit(config, session) or 0
  File &quot;D:\mysoftware\python\lib\site-packages\_pytest\main.py&quot;, line 145, in _main
    config.hook.pytest_runtestloop(session=session)
  File &quot;D:\mysoftware\python\lib\site-packages\pluggy\__init__.py&quot;, line 617, in __call__
    return self._hookexec(self, self._nonwrappers + self._wrappers, kwargs)
  File &quot;D:\mysoftware\python\lib\site-packages\pluggy\__init__.py&quot;, line 222, in _hookexec
    return self._inner_hookexec(hook, methods, kwargs)
  File &quot;D:\mysoftware\python\lib\site-packages\pluggy\__init__.py&quot;, line 216, in &lt;lambda&gt;
    firstresult=hook.spec_opts.get(&#x27;firstresult&#x27;),
  File &quot;D:\mysoftware\python\lib\site-packages\pluggy\callers.py&quot;, line 180, in _multicall
    res = hook_impl.function(*args)
  File &quot;D:\mysoftware\python\lib\site-packages\_pytest\main.py&quot;, line 168, in pytest_runtestloop
    item.config.hook.pytest_runtest_protocol(item=item, nextitem=nextitem)
  File &quot;D:\mysoftware\python\lib\site-packages\pluggy\__init__.py&quot;, line 617, in __call__
    return self._hookexec(self, self._nonwrappers + self._wrappers, kwargs)
  File &quot;D:\mysoftware\python\lib\site-packages\pluggy\__init__.py&quot;, line 222, in _hookexec
    return self._inner_hookexec(hook, methods, kwargs)
  File &quot;D:\mysoftware\python\lib\site-packages\pluggy\__init__.py&quot;, line 216, in &lt;lambda&gt;
    firstresult=hook.spec_opts.get(&#x27;firstresult&#x27;),
  File &quot;D:\mysoftware\python\lib\site-packages\pluggy\callers.py&quot;, line 180, in _multicall
    res = hook_impl.function(*args)
  File &quot;D:\mysoftware\python\lib\site-packages\_pytest\runner.py&quot;, line 62, in pytest_runtest_protocol
    runtestprotocol(item, nextitem=nextitem)
  File &quot;D:\mysoftware\python\lib\site-packages\_pytest\runner.py&quot;, line 79, in runtestprotocol
    reports.append(call_and_report(item, &quot;call&quot;, log))
  File &quot;D:\mysoftware\python\lib\site-packages\_pytest\runner.py&quot;, line 158, in call_and_report
    call = call_runtest_hook(item, when, **kwds)
  File &quot;D:\mysoftware\python\lib\site-packages\_pytest\runner.py&quot;, line 178, in call_runtest_hook
    return CallInfo(lambda: ihook(item=item, **kwds), when=when)
  File &quot;D:\mysoftware\python\lib\site-packages\_pytest\runner.py&quot;, line 192, in __init__
    self.result = func()
  File &quot;D:\mysoftware\python\lib\site-packages\_pytest\runner.py&quot;, line 178, in &lt;lambda&gt;
    return CallInfo(lambda: ihook(item=item, **kwds), when=when)
  File &quot;D:\mysoftware\python\lib\site-packages\pluggy\__init__.py&quot;, line 617, in __call__
    return self._hookexec(self, self._nonwrappers + self._wrappers, kwargs)
  File &quot;D:\mysoftware\python\lib\site-packages\pluggy\__init__.py&quot;, line 222, in _hookexec
    return self._inner_hookexec(hook, methods, kwargs)
  File &quot;D:\mysoftware\python\lib\site-packages\pluggy\__init__.py&quot;, line 216, in &lt;lambda&gt;
    firstresult=hook.spec_opts.get(&#x27;firstresult&#x27;),
  File &quot;D:\mysoftware\python\lib\site-packages\pluggy\callers.py&quot;, line 180, in _multicall
    res = hook_impl.function(*args)
  File &quot;D:\mysoftware\python\lib\site-packages\_pytest\runner.py&quot;, line 109, in pytest_runtest_call
    item.runtest()
  File &quot;D:\mysoftware\python\lib\site-packages\_pytest\python.py&quot;, line 1179, in runtest
    self.ihook.pytest_pyfunc_call(pyfuncitem=self)
  File &quot;D:\mysoftware\python\lib\site-packages\pluggy\__init__.py&quot;, line 617, in __call__
    return self._hookexec(self, self._nonwrappers + self._wrappers, kwargs)
  File &quot;D:\mysoftware\python\lib\site-packages\pluggy\__init__.py&quot;, line 222, in _hookexec
    return self._inner_hookexec(hook, methods, kwargs)
  File &quot;D:\mysoftware\python\lib\site-packages\pluggy\__init__.py&quot;, line 216, in &lt;lambda&gt;
    firstresult=hook.spec_opts.get(&#x27;firstresult&#x27;),
  File &quot;D:\mysoftware\python\lib\site-packages\pluggy\callers.py&quot;, line 180, in _multicall
    res = hook_impl.function(*args)
  File &quot;D:\mysoftware\python\lib\site-packages\_pytest\python.py&quot;, line 155, in pytest_pyfunc_call
    testfunction(**testargs)
  File &quot;C:\Users\17TRACK\eclipse-workspace\TestPython\pytest\web\TestCases\test_seller_center.py&quot;, line 32, in test_login
    logger.info(login_page.get_current_page_title())
  File &quot;C:\Users\17TRACK\eclipse-workspace\TestPython\pytest\web\PageObject\LoginPage.py&quot;, line 36, in get_current_page_title
    return self.get_page_title()
  File &quot;C:\Users\17TRACK\eclipse-workspace\TestPython\pytest\web\PageObject\BasePage.py&quot;, line 51, in get_page_title
    logger.info(&quot;当前页面title：&quot;, self.driver.title)
Message: &#x27;当前页面title：&#x27;
Arguments: (&#x27;账号登录 | 17TRACK&#x27;,)
--- Logging error ---
Traceback (most recent call last):
  File &quot;D:\mysoftware\python\lib\logging\__init__.py&quot;, line 992, in emit
    msg = self.format(record)
  File &quot;D:\mysoftware\python\lib\logging\__init__.py&quot;, line 838, in format
    return fmt.format(record)
  File &quot;D:\mysoftware\python\lib\logging\__init__.py&quot;, line 575, in format
    record.message = record.getMessage()
  File &quot;D:\mysoftware\python\lib\logging\__init__.py&quot;, line 338, in getMessage
    msg = msg % self.args
TypeError: not all arguments converted during string formatting
Call stack:
  File &quot;C:\Users\17TRACK\eclipse-workspace\TestPython\pytest\web\StartMain.py&quot;, line 27, in &lt;module&gt;
    pytest.main(config.pytest_cmd_path)
  File &quot;D:\mysoftware\python\lib\site-packages\_pytest\config.py&quot;, line 61, in main
    return config.hook.pytest_cmdline_main(config=config)
  File &quot;D:\mysoftware\python\lib\site-packages\pluggy\__init__.py&quot;, line 617, in __call__
    return self._hookexec(self, self._nonwrappers + self._wrappers, kwargs)
  File &quot;D:\mysoftware\python\lib\site-packages\pluggy\__init__.py&quot;, line 222, in _hookexec
    return self._inner_hookexec(hook, methods, kwargs)
  File &quot;D:\mysoftware\python\lib\site-packages\pluggy\__init__.py&quot;, line 216, in &lt;lambda&gt;
    firstresult=hook.spec_opts.get(&#x27;firstresult&#x27;),
  File &quot;D:\mysoftware\python\lib\site-packages\pluggy\callers.py&quot;, line 180, in _multicall
    res = hook_impl.function(*args)
  File &quot;D:\mysoftware\python\lib\site-packages\_pytest\main.py&quot;, line 138, in pytest_cmdline_main
    return wrap_session(config, _main)
  File &quot;D:\mysoftware\python\lib\site-packages\_pytest\main.py&quot;, line 107, in wrap_session
    session.exitstatus = doit(config, session) or 0
  File &quot;D:\mysoftware\python\lib\site-packages\_pytest\main.py&quot;, line 145, in _main
    config.hook.pytest_runtestloop(session=session)
  File &quot;D:\mysoftware\python\lib\site-packages\pluggy\__init__.py&quot;, line 617, in __call__
    return self._hookexec(self, self._nonwrappers + self._wrappers, kwargs)
  File &quot;D:\mysoftware\python\lib\site-packages\pluggy\__init__.py&quot;, line 222, in _hookexec
    return self._inner_hookexec(hook, methods, kwargs)
  File &quot;D:\mysoftware\python\lib\site-packages\pluggy\__init__.py&quot;, line 216, in &lt;lambda&gt;
    firstresult=hook.spec_opts.get(&#x27;firstresult&#x27;),
  File &quot;D:\mysoftware\python\lib\site-packages\pluggy\callers.py&quot;, line 180, in _multicall
    res = hook_impl.function(*args)
  File &quot;D:\mysoftware\python\lib\site-packages\_pytest\main.py&quot;, line 168, in pytest_runtestloop
    item.config.hook.pytest_runtest_protocol(item=item, nextitem=nextitem)
  File &quot;D:\mysoftware\python\lib\site-packages\pluggy\__init__.py&quot;, line 617, in __call__
    return self._hookexec(self, self._nonwrappers + self._wrappers, kwargs)
  File &quot;D:\mysoftware\python\lib\site-packages\pluggy\__init__.py&quot;, line 222, in _hookexec
    return self._inner_hookexec(hook, methods, kwargs)
  File &quot;D:\mysoftware\python\lib\site-packages\pluggy\__init__.py&quot;, line 216, in &lt;lambda&gt;
    firstresult=hook.spec_opts.get(&#x27;firstresult&#x27;),
  File &quot;D:\mysoftware\python\lib\site-packages\pluggy\callers.py&quot;, line 180, in _multicall
    res = hook_impl.function(*args)
  File &quot;D:\mysoftware\python\lib\site-packages\_pytest\runner.py&quot;, line 62, in pytest_runtest_protocol
    runtestprotocol(item, nextitem=nextitem)
  File &quot;D:\mysoftware\python\lib\site-packages\_pytest\runner.py&quot;, line 79, in runtestprotocol
    reports.append(call_and_report(item, &quot;call&quot;, log))
  File &quot;D:\mysoftware\python\lib\site-packages\_pytest\runner.py&quot;, line 158, in call_and_report
    call = call_runtest_hook(item, when, **kwds)
  File &quot;D:\mysoftware\python\lib\site-packages\_pytest\runner.py&quot;, line 178, in call_runtest_hook
    return CallInfo(lambda: ihook(item=item, **kwds), when=when)
  File &quot;D:\mysoftware\python\lib\site-packages\_pytest\runner.py&quot;, line 192, in __init__
    self.result = func()
  File &quot;D:\mysoftware\python\lib\site-packages\_pytest\runner.py&quot;, line 178, in &lt;lambda&gt;
    return CallInfo(lambda: ihook(item=item, **kwds), when=when)
  File &quot;D:\mysoftware\python\lib\site-packages\pluggy\__init__.py&quot;, line 617, in __call__
    return self._hookexec(self, self._nonwrappers + self._wrappers, kwargs)
  File &quot;D:\mysoftware\python\lib\site-packages\pluggy\__init__.py&quot;, line 222, in _hookexec
    return self._inner_hookexec(hook, methods, kwargs)
  File &quot;D:\mysoftware\python\lib\site-packages\pluggy\__init__.py&quot;, line 216, in &lt;lambda&gt;
    firstresult=hook.spec_opts.get(&#x27;firstresult&#x27;),
  File &quot;D:\mysoftware\python\lib\site-packages\pluggy\callers.py&quot;, line 180, in _multicall
    res = hook_impl.function(*args)
  File &quot;D:\mysoftware\python\lib\site-packages\_pytest\runner.py&quot;, line 109, in pytest_runtest_call
    item.runtest()
  File &quot;D:\mysoftware\python\lib\site-packages\_pytest\python.py&quot;, line 1179, in runtest
    self.ihook.pytest_pyfunc_call(pyfuncitem=self)
  File &quot;D:\mysoftware\python\lib\site-packages\pluggy\__init__.py&quot;, line 617, in __call__
    return self._hookexec(self, self._nonwrappers + self._wrappers, kwargs)
  File &quot;D:\mysoftware\python\lib\site-packages\pluggy\__init__.py&quot;, line 222, in _hookexec
    return self._inner_hookexec(hook, methods, kwargs)
  File &quot;D:\mysoftware\python\lib\site-packages\pluggy\__init__.py&quot;, line 216, in &lt;lambda&gt;
    firstresult=hook.spec_opts.get(&#x27;firstresult&#x27;),
  File &quot;D:\mysoftware\python\lib\site-packages\pluggy\callers.py&quot;, line 180, in _multicall
    res = hook_impl.function(*args)
  File &quot;D:\mysoftware\python\lib\site-packages\_pytest\python.py&quot;, line 155, in pytest_pyfunc_call
    testfunction(**testargs)
  File &quot;C:\Users\17TRACK\eclipse-workspace\TestPython\pytest\web\TestCases\test_seller_center.py&quot;, line 32, in test_login
    logger.info(login_page.get_current_page_title())
  File &quot;C:\Users\17TRACK\eclipse-workspace\TestPython\pytest\web\PageObject\LoginPage.py&quot;, line 36, in get_current_page_title
    return self.get_page_title()
  File &quot;C:\Users\17TRACK\eclipse-workspace\TestPython\pytest\web\PageObject\BasePage.py&quot;, line 51, in get_page_title
    logger.info(&quot;当前页面title：&quot;, self.driver.title)
  File &quot;D:\mysoftware\python\lib\logging\__init__.py&quot;, line 1306, in info
    self._log(INFO, msg, args, **kwargs)
  File &quot;D:\mysoftware\python\lib\logging\__init__.py&quot;, line 1442, in _log
    self.handle(record)
  File &quot;D:\mysoftware\python\lib\logging\__init__.py&quot;, line 1452, in handle
    self.callHandlers(record)
  File &quot;D:\mysoftware\python\lib\logging\__init__.py&quot;, line 1514, in callHandlers
    hdlr.handle(record)
  File &quot;D:\mysoftware\python\lib\logging\__init__.py&quot;, line 863, in handle
    self.emit(record)
  File &quot;D:\mysoftware\python\lib\site-packages\_pytest\logging.py&quot;, line 177, in emit
    logging.StreamHandler.emit(self, record)
Message: &#x27;当前页面title：&#x27;
Arguments: (&#x27;账号登录 | 17TRACK&#x27;,)
--- Logging error ---
Traceback (most recent call last):
  File &quot;D:\mysoftware\python\lib\logging\__init__.py&quot;, line 992, in emit
    msg = self.format(record)
  File &quot;D:\mysoftware\python\lib\logging\__init__.py&quot;, line 838, in format
    return fmt.format(record)
  File &quot;D:\mysoftware\python\lib\logging\__init__.py&quot;, line 575, in format
    record.message = record.getMessage()
  File &quot;D:\mysoftware\python\lib\logging\__init__.py&quot;, line 338, in getMessage
    msg = msg % self.args
TypeError: not all arguments converted during string formatting
Call stack:
  File &quot;C:\Users\17TRACK\eclipse-workspace\TestPython\pytest\web\StartMain.py&quot;, line 27, in &lt;module&gt;
    pytest.main(config.pytest_cmd_path)
  File &quot;D:\mysoftware\python\lib\site-packages\_pytest\config.py&quot;, line 61, in main
    return config.hook.pytest_cmdline_main(config=config)
  File &quot;D:\mysoftware\python\lib\site-packages\pluggy\__init__.py&quot;, line 617, in __call__
    return self._hookexec(self, self._nonwrappers + self._wrappers, kwargs)
  File &quot;D:\mysoftware\python\lib\site-packages\pluggy\__init__.py&quot;, line 222, in _hookexec
    return self._inner_hookexec(hook, methods, kwargs)
  File &quot;D:\mysoftware\python\lib\site-packages\pluggy\__init__.py&quot;, line 216, in &lt;lambda&gt;
    firstresult=hook.spec_opts.get(&#x27;firstresult&#x27;),
  File &quot;D:\mysoftware\python\lib\site-packages\pluggy\callers.py&quot;, line 180, in _multicall
    res = hook_impl.function(*args)
  File &quot;D:\mysoftware\python\lib\site-packages\_pytest\main.py&quot;, line 138, in pytest_cmdline_main
    return wrap_session(config, _main)
  File &quot;D:\mysoftware\python\lib\site-packages\_pytest\main.py&quot;, line 107, in wrap_session
    session.exitstatus = doit(config, session) or 0
  File &quot;D:\mysoftware\python\lib\site-packages\_pytest\main.py&quot;, line 145, in _main
    config.hook.pytest_runtestloop(session=session)
  File &quot;D:\mysoftware\python\lib\site-packages\pluggy\__init__.py&quot;, line 617, in __call__
    return self._hookexec(self, self._nonwrappers + self._wrappers, kwargs)
  File &quot;D:\mysoftware\python\lib\site-packages\pluggy\__init__.py&quot;, line 222, in _hookexec
    return self._inner_hookexec(hook, methods, kwargs)
  File &quot;D:\mysoftware\python\lib\site-packages\pluggy\__init__.py&quot;, line 216, in &lt;lambda&gt;
    firstresult=hook.spec_opts.get(&#x27;firstresult&#x27;),
  File &quot;D:\mysoftware\python\lib\site-packages\pluggy\callers.py&quot;, line 180, in _multicall
    res = hook_impl.function(*args)
  File &quot;D:\mysoftware\python\lib\site-packages\_pytest\main.py&quot;, line 168, in pytest_runtestloop
    item.config.hook.pytest_runtest_protocol(item=item, nextitem=nextitem)
  File &quot;D:\mysoftware\python\lib\site-packages\pluggy\__init__.py&quot;, line 617, in __call__
    return self._hookexec(self, self._nonwrappers + self._wrappers, kwargs)
  File &quot;D:\mysoftware\python\lib\site-packages\pluggy\__init__.py&quot;, line 222, in _hookexec
    return self._inner_hookexec(hook, methods, kwargs)
  File &quot;D:\mysoftware\python\lib\site-packages\pluggy\__init__.py&quot;, line 216, in &lt;lambda&gt;
    firstresult=hook.spec_opts.get(&#x27;firstresult&#x27;),
  File &quot;D:\mysoftware\python\lib\site-packages\pluggy\callers.py&quot;, line 180, in _multicall
    res = hook_impl.function(*args)
  File &quot;D:\mysoftware\python\lib\site-packages\_pytest\runner.py&quot;, line 62, in pytest_runtest_protocol
    runtestprotocol(item, nextitem=nextitem)
  File &quot;D:\mysoftware\python\lib\site-packages\_pytest\runner.py&quot;, line 79, in runtestprotocol
    reports.append(call_and_report(item, &quot;call&quot;, log))
  File &quot;D:\mysoftware\python\lib\site-packages\_pytest\runner.py&quot;, line 158, in call_and_report
    call = call_runtest_hook(item, when, **kwds)
  File &quot;D:\mysoftware\python\lib\site-packages\_pytest\runner.py&quot;, line 178, in call_runtest_hook
    return CallInfo(lambda: ihook(item=item, **kwds), when=when)
  File &quot;D:\mysoftware\python\lib\site-packages\_pytest\runner.py&quot;, line 192, in __init__
    self.result = func()
  File &quot;D:\mysoftware\python\lib\site-packages\_pytest\runner.py&quot;, line 178, in &lt;lambda&gt;
    return CallInfo(lambda: ihook(item=item, **kwds), when=when)
  File &quot;D:\mysoftware\python\lib\site-packages\pluggy\__init__.py&quot;, line 617, in __call__
    return self._hookexec(self, self._nonwrappers + self._wrappers, kwargs)
  File &quot;D:\mysoftware\python\lib\site-packages\pluggy\__init__.py&quot;, line 222, in _hookexec
    return self._inner_hookexec(hook, methods, kwargs)
  File &quot;D:\mysoftware\python\lib\site-packages\pluggy\__init__.py&quot;, line 216, in &lt;lambda&gt;
    firstresult=hook.spec_opts.get(&#x27;firstresult&#x27;),
  File &quot;D:\mysoftware\python\lib\site-packages\pluggy\callers.py&quot;, line 180, in _multicall
    res = hook_impl.function(*args)
  File &quot;D:\mysoftware\python\lib\site-packages\_pytest\runner.py&quot;, line 109, in pytest_runtest_call
    item.runtest()
  File &quot;D:\mysoftware\python\lib\site-packages\_pytest\python.py&quot;, line 1179, in runtest
    self.ihook.pytest_pyfunc_call(pyfuncitem=self)
  File &quot;D:\mysoftware\python\lib\site-packages\pluggy\__init__.py&quot;, line 617, in __call__
    return self._hookexec(self, self._nonwrappers + self._wrappers, kwargs)
  File &quot;D:\mysoftware\python\lib\site-packages\pluggy\__init__.py&quot;, line 222, in _hookexec
    return self._inner_hookexec(hook, methods, kwargs)
  File &quot;D:\mysoftware\python\lib\site-packages\pluggy\__init__.py&quot;, line 216, in &lt;lambda&gt;
    firstresult=hook.spec_opts.get(&#x27;firstresult&#x27;),
  File &quot;D:\mysoftware\python\lib\site-packages\pluggy\callers.py&quot;, line 180, in _multicall
    res = hook_impl.function(*args)
  File &quot;D:\mysoftware\python\lib\site-packages\_pytest\python.py&quot;, line 155, in pytest_pyfunc_call
    testfunction(**testargs)
  File &quot;C:\Users\17TRACK\eclipse-workspace\TestPython\pytest\web\TestCases\test_seller_center.py&quot;, line 38, in test_login
    logger.info(seller_center_page.get_current_page_title())
  File &quot;C:\Users\17TRACK\eclipse-workspace\TestPython\pytest\web\PageObject\SellerCenterPage.py&quot;, line 23, in get_current_page_title
    return self.get_page_title()
  File &quot;C:\Users\17TRACK\eclipse-workspace\TestPython\pytest\web\PageObject\BasePage.py&quot;, line 51, in get_page_title
    logger.info(&quot;当前页面title：&quot;, self.driver.title)
Message: &#x27;当前页面title：&#x27;
Arguments: (&#x27;卖家中心 | 17TRACK&#x27;,)
--- Logging error ---
Traceback (most recent call last):
  File &quot;D:\mysoftware\python\lib\logging\__init__.py&quot;, line 992, in emit
    msg = self.format(record)
  File &quot;D:\mysoftware\python\lib\logging\__init__.py&quot;, line 838, in format
    return fmt.format(record)
  File &quot;D:\mysoftware\python\lib\logging\__init__.py&quot;, line 575, in format
    record.message = record.getMessage()
  File &quot;D:\mysoftware\python\lib\logging\__init__.py&quot;, line 338, in getMessage
    msg = msg % self.args
TypeError: not all arguments converted during string formatting
Call stack:
  File &quot;C:\Users\17TRACK\eclipse-workspace\TestPython\pytest\web\StartMain.py&quot;, line 27, in &lt;module&gt;
    pytest.main(config.pytest_cmd_path)
  File &quot;D:\mysoftware\python\lib\site-packages\_pytest\config.py&quot;, line 61, in main
    return config.hook.pytest_cmdline_main(config=config)
  File &quot;D:\mysoftware\python\lib\site-packages\pluggy\__init__.py&quot;, line 617, in __call__
    return self._hookexec(self, self._nonwrappers + self._wrappers, kwargs)
  File &quot;D:\mysoftware\python\lib\site-packages\pluggy\__init__.py&quot;, line 222, in _hookexec
    return self._inner_hookexec(hook, methods, kwargs)
  File &quot;D:\mysoftware\python\lib\site-packages\pluggy\__init__.py&quot;, line 216, in &lt;lambda&gt;
    firstresult=hook.spec_opts.get(&#x27;firstresult&#x27;),
  File &quot;D:\mysoftware\python\lib\site-packages\pluggy\callers.py&quot;, line 180, in _multicall
    res = hook_impl.function(*args)
  File &quot;D:\mysoftware\python\lib\site-packages\_pytest\main.py&quot;, line 138, in pytest_cmdline_main
    return wrap_session(config, _main)
  File &quot;D:\mysoftware\python\lib\site-packages\_pytest\main.py&quot;, line 107, in wrap_session
    session.exitstatus = doit(config, session) or 0
  File &quot;D:\mysoftware\python\lib\site-packages\_pytest\main.py&quot;, line 145, in _main
    config.hook.pytest_runtestloop(session=session)
  File &quot;D:\mysoftware\python\lib\site-packages\pluggy\__init__.py&quot;, line 617, in __call__
    return self._hookexec(self, self._nonwrappers + self._wrappers, kwargs)
  File &quot;D:\mysoftware\python\lib\site-packages\pluggy\__init__.py&quot;, line 222, in _hookexec
    return self._inner_hookexec(hook, methods, kwargs)
  File &quot;D:\mysoftware\python\lib\site-packages\pluggy\__init__.py&quot;, line 216, in &lt;lambda&gt;
    firstresult=hook.spec_opts.get(&#x27;firstresult&#x27;),
  File &quot;D:\mysoftware\python\lib\site-packages\pluggy\callers.py&quot;, line 180, in _multicall
    res = hook_impl.function(*args)
  File &quot;D:\mysoftware\python\lib\site-packages\_pytest\main.py&quot;, line 168, in pytest_runtestloop
    item.config.hook.pytest_runtest_protocol(item=item, nextitem=nextitem)
  File &quot;D:\mysoftware\python\lib\site-packages\pluggy\__init__.py&quot;, line 617, in __call__
    return self._hookexec(self, self._nonwrappers + self._wrappers, kwargs)
  File &quot;D:\mysoftware\python\lib\site-packages\pluggy\__init__.py&quot;, line 222, in _hookexec
    return self._inner_hookexec(hook, methods, kwargs)
  File &quot;D:\mysoftware\python\lib\site-packages\pluggy\__init__.py&quot;, line 216, in &lt;lambda&gt;
    firstresult=hook.spec_opts.get(&#x27;firstresult&#x27;),
  File &quot;D:\mysoftware\python\lib\site-packages\pluggy\callers.py&quot;, line 180, in _multicall
    res = hook_impl.function(*args)
  File &quot;D:\mysoftware\python\lib\site-packages\_pytest\runner.py&quot;, line 62, in pytest_runtest_protocol
    runtestprotocol(item, nextitem=nextitem)
  File &quot;D:\mysoftware\python\lib\site-packages\_pytest\runner.py&quot;, line 79, in runtestprotocol
    reports.append(call_and_report(item, &quot;call&quot;, log))
  File &quot;D:\mysoftware\python\lib\site-packages\_pytest\runner.py&quot;, line 158, in call_and_report
    call = call_runtest_hook(item, when, **kwds)
  File &quot;D:\mysoftware\python\lib\site-packages\_pytest\runner.py&quot;, line 178, in call_runtest_hook
    return CallInfo(lambda: ihook(item=item, **kwds), when=when)
  File &quot;D:\mysoftware\python\lib\site-packages\_pytest\runner.py&quot;, line 192, in __init__
    self.result = func()
  File &quot;D:\mysoftware\python\lib\site-packages\_pytest\runner.py&quot;, line 178, in &lt;lambda&gt;
    return CallInfo(lambda: ihook(item=item, **kwds), when=when)
  File &quot;D:\mysoftware\python\lib\site-packages\pluggy\__init__.py&quot;, line 617, in __call__
    return self._hookexec(self, self._nonwrappers + self._wrappers, kwargs)
  File &quot;D:\mysoftware\python\lib\site-packages\pluggy\__init__.py&quot;, line 222, in _hookexec
    return self._inner_hookexec(hook, methods, kwargs)
  File &quot;D:\mysoftware\python\lib\site-packages\pluggy\__init__.py&quot;, line 216, in &lt;lambda&gt;
    firstresult=hook.spec_opts.get(&#x27;firstresult&#x27;),
  File &quot;D:\mysoftware\python\lib\site-packages\pluggy\callers.py&quot;, line 180, in _multicall
    res = hook_impl.function(*args)
  File &quot;D:\mysoftware\python\lib\site-packages\_pytest\runner.py&quot;, line 109, in pytest_runtest_call
    item.runtest()
  File &quot;D:\mysoftware\python\lib\site-packages\_pytest\python.py&quot;, line 1179, in runtest
    self.ihook.pytest_pyfunc_call(pyfuncitem=self)
  File &quot;D:\mysoftware\python\lib\site-packages\pluggy\__init__.py&quot;, line 617, in __call__
    return self._hookexec(self, self._nonwrappers + self._wrappers, kwargs)
  File &quot;D:\mysoftware\python\lib\site-packages\pluggy\__init__.py&quot;, line 222, in _hookexec
    return self._inner_hookexec(hook, methods, kwargs)
  File &quot;D:\mysoftware\python\lib\site-packages\pluggy\__init__.py&quot;, line 216, in &lt;lambda&gt;
    firstresult=hook.spec_opts.get(&#x27;firstresult&#x27;),
  File &quot;D:\mysoftware\python\lib\site-packages\pluggy\callers.py&quot;, line 180, in _multicall
    res = hook_impl.function(*args)
  File &quot;D:\mysoftware\python\lib\site-packages\_pytest\python.py&quot;, line 155, in pytest_pyfunc_call
    testfunction(**testargs)
  File &quot;C:\Users\17TRACK\eclipse-workspace\TestPython\pytest\web\TestCases\test_seller_center.py&quot;, line 38, in test_login
    logger.info(seller_center_page.get_current_page_title())
  File &quot;C:\Users\17TRACK\eclipse-workspace\TestPython\pytest\web\PageObject\SellerCenterPage.py&quot;, line 23, in get_current_page_title
    return self.get_page_title()
  File &quot;C:\Users\17TRACK\eclipse-workspace\TestPython\pytest\web\PageObject\BasePage.py&quot;, line 51, in get_page_title
    logger.info(&quot;当前页面title：&quot;, self.driver.title)
Message: &#x27;当前页面title：&#x27;
Arguments: (&#x27;卖家中心 | 17TRACK&#x27;,)
--- Logging error ---
Traceback (most recent call last):
  File &quot;D:\mysoftware\python\lib\logging\__init__.py&quot;, line 992, in emit
    msg = self.format(record)
  File &quot;D:\mysoftware\python\lib\logging\__init__.py&quot;, line 838, in format
    return fmt.format(record)
  File &quot;D:\mysoftware\python\lib\logging\__init__.py&quot;, line 575, in format
    record.message = record.getMessage()
  File &quot;D:\mysoftware\python\lib\logging\__init__.py&quot;, line 338, in getMessage
    msg = msg % self.args
TypeError: not all arguments converted during string formatting
Call stack:
  File &quot;C:\Users\17TRACK\eclipse-workspace\TestPython\pytest\web\StartMain.py&quot;, line 27, in &lt;module&gt;
    pytest.main(config.pytest_cmd_path)
  File &quot;D:\mysoftware\python\lib\site-packages\_pytest\config.py&quot;, line 61, in main
    return config.hook.pytest_cmdline_main(config=config)
  File &quot;D:\mysoftware\python\lib\site-packages\pluggy\__init__.py&quot;, line 617, in __call__
    return self._hookexec(self, self._nonwrappers + self._wrappers, kwargs)
  File &quot;D:\mysoftware\python\lib\site-packages\pluggy\__init__.py&quot;, line 222, in _hookexec
    return self._inner_hookexec(hook, methods, kwargs)
  File &quot;D:\mysoftware\python\lib\site-packages\pluggy\__init__.py&quot;, line 216, in &lt;lambda&gt;
    firstresult=hook.spec_opts.get(&#x27;firstresult&#x27;),
  File &quot;D:\mysoftware\python\lib\site-packages\pluggy\callers.py&quot;, line 180, in _multicall
    res = hook_impl.function(*args)
  File &quot;D:\mysoftware\python\lib\site-packages\_pytest\main.py&quot;, line 138, in pytest_cmdline_main
    return wrap_session(config, _main)
  File &quot;D:\mysoftware\python\lib\site-packages\_pytest\main.py&quot;, line 107, in wrap_session
    session.exitstatus = doit(config, session) or 0
  File &quot;D:\mysoftware\python\lib\site-packages\_pytest\main.py&quot;, line 145, in _main
    config.hook.pytest_runtestloop(session=session)
  File &quot;D:\mysoftware\python\lib\site-packages\pluggy\__init__.py&quot;, line 617, in __call__
    return self._hookexec(self, self._nonwrappers + self._wrappers, kwargs)
  File &quot;D:\mysoftware\python\lib\site-packages\pluggy\__init__.py&quot;, line 222, in _hookexec
    return self._inner_hookexec(hook, methods, kwargs)
  File &quot;D:\mysoftware\python\lib\site-packages\pluggy\__init__.py&quot;, line 216, in &lt;lambda&gt;
    firstresult=hook.spec_opts.get(&#x27;firstresult&#x27;),
  File &quot;D:\mysoftware\python\lib\site-packages\pluggy\callers.py&quot;, line 180, in _multicall
    res = hook_impl.function(*args)
  File &quot;D:\mysoftware\python\lib\site-packages\_pytest\main.py&quot;, line 168, in pytest_runtestloop
    item.config.hook.pytest_runtest_protocol(item=item, nextitem=nextitem)
  File &quot;D:\mysoftware\python\lib\site-packages\pluggy\__init__.py&quot;, line 617, in __call__
    return self._hookexec(self, self._nonwrappers + self._wrappers, kwargs)
  File &quot;D:\mysoftware\python\lib\site-packages\pluggy\__init__.py&quot;, line 222, in _hookexec
    return self._inner_hookexec(hook, methods, kwargs)
  File &quot;D:\mysoftware\python\lib\site-packages\pluggy\__init__.py&quot;, line 216, in &lt;lambda&gt;
    firstresult=hook.spec_opts.get(&#x27;firstresult&#x27;),
  File &quot;D:\mysoftware\python\lib\site-packages\pluggy\callers.py&quot;, line 180, in _multicall
    res = hook_impl.function(*args)
  File &quot;D:\mysoftware\python\lib\site-packages\_pytest\runner.py&quot;, line 62, in pytest_runtest_protocol
    runtestprotocol(item, nextitem=nextitem)
  File &quot;D:\mysoftware\python\lib\site-packages\_pytest\runner.py&quot;, line 79, in runtestprotocol
    reports.append(call_and_report(item, &quot;call&quot;, log))
  File &quot;D:\mysoftware\python\lib\site-packages\_pytest\runner.py&quot;, line 158, in call_and_report
    call = call_runtest_hook(item, when, **kwds)
  File &quot;D:\mysoftware\python\lib\site-packages\_pytest\runner.py&quot;, line 178, in call_runtest_hook
    return CallInfo(lambda: ihook(item=item, **kwds), when=when)
  File &quot;D:\mysoftware\python\lib\site-packages\_pytest\runner.py&quot;, line 192, in __init__
    self.result = func()
  File &quot;D:\mysoftware\python\lib\site-packages\_pytest\runner.py&quot;, line 178, in &lt;lambda&gt;
    return CallInfo(lambda: ihook(item=item, **kwds), when=when)
  File &quot;D:\mysoftware\python\lib\site-packages\pluggy\__init__.py&quot;, line 617, in __call__
    return self._hookexec(self, self._nonwrappers + self._wrappers, kwargs)
  File &quot;D:\mysoftware\python\lib\site-packages\pluggy\__init__.py&quot;, line 222, in _hookexec
    return self._inner_hookexec(hook, methods, kwargs)
  File &quot;D:\mysoftware\python\lib\site-packages\pluggy\__init__.py&quot;, line 216, in &lt;lambda&gt;
    firstresult=hook.spec_opts.get(&#x27;firstresult&#x27;),
  File &quot;D:\mysoftware\python\lib\site-packages\pluggy\callers.py&quot;, line 180, in _multicall
    res = hook_impl.function(*args)
  File &quot;D:\mysoftware\python\lib\site-packages\_pytest\runner.py&quot;, line 109, in pytest_runtest_call
    item.runtest()
  File &quot;D:\mysoftware\python\lib\site-packages\_pytest\python.py&quot;, line 1179, in runtest
    self.ihook.pytest_pyfunc_call(pyfuncitem=self)
  File &quot;D:\mysoftware\python\lib\site-packages\pluggy\__init__.py&quot;, line 617, in __call__
    return self._hookexec(self, self._nonwrappers + self._wrappers, kwargs)
  File &quot;D:\mysoftware\python\lib\site-packages\pluggy\__init__.py&quot;, line 222, in _hookexec
    return self._inner_hookexec(hook, methods, kwargs)
  File &quot;D:\mysoftware\python\lib\site-packages\pluggy\__init__.py&quot;, line 216, in &lt;lambda&gt;
    firstresult=hook.spec_opts.get(&#x27;firstresult&#x27;),
  File &quot;D:\mysoftware\python\lib\site-packages\pluggy\callers.py&quot;, line 180, in _multicall
    res = hook_impl.function(*args)
  File &quot;D:\mysoftware\python\lib\site-packages\_pytest\python.py&quot;, line 155, in pytest_pyfunc_call
    testfunction(**testargs)
  File &quot;C:\Users\17TRACK\eclipse-workspace\TestPython\pytest\web\TestCases\test_seller_center.py&quot;, line 38, in test_login
    logger.info(seller_center_page.get_current_page_title())
  File &quot;C:\Users\17TRACK\eclipse-workspace\TestPython\pytest\web\PageObject\SellerCenterPage.py&quot;, line 23, in get_current_page_title
    return self.get_page_title()
  File &quot;C:\Users\17TRACK\eclipse-workspace\TestPython\pytest\web\PageObject\BasePage.py&quot;, line 51, in get_page_title
    logger.info(&quot;当前页面title：&quot;, self.driver.title)
  File &quot;D:\mysoftware\python\lib\logging\__init__.py&quot;, line 1306, in info
    self._log(INFO, msg, args, **kwargs)
  File &quot;D:\mysoftware\python\lib\logging\__init__.py&quot;, line 1442, in _log
    self.handle(record)
  File &quot;D:\mysoftware\python\lib\logging\__init__.py&quot;, line 1452, in handle
    self.callHandlers(record)
  File &quot;D:\mysoftware\python\lib\logging\__init__.py&quot;, line 1514, in callHandlers
    hdlr.handle(record)
  File &quot;D:\mysoftware\python\lib\logging\__init__.py&quot;, line 863, in handle
    self.emit(record)
  File &quot;D:\mysoftware\python\lib\site-packages\_pytest\logging.py&quot;, line 177, in emit
    logging.StreamHandler.emit(self, record)
Message: &#x27;当前页面title：&#x27;
Arguments: (&#x27;卖家中心 | 17TRACK&#x27;,)
--- Logging error ---
Traceback (most recent call last):
  File &quot;D:\mysoftware\python\lib\logging\__init__.py&quot;, line 992, in emit
    msg = self.format(record)
  File &quot;D:\mysoftware\python\lib\logging\__init__.py&quot;, line 838, in format
    return fmt.format(record)
  File &quot;D:\mysoftware\python\lib\logging\__init__.py&quot;, line 575, in format
    record.message = record.getMessage()
  File &quot;D:\mysoftware\python\lib\logging\__init__.py&quot;, line 338, in getMessage
    msg = msg % self.args
TypeError: not all arguments converted during string formatting
Call stack:
  File &quot;C:\Users\17TRACK\eclipse-workspace\TestPython\pytest\web\StartMain.py&quot;, line 27, in &lt;module&gt;
    pytest.main(config.pytest_cmd_path)
  File &quot;D:\mysoftware\python\lib\site-packages\_pytest\config.py&quot;, line 61, in main
    return config.hook.pytest_cmdline_main(config=config)
  File &quot;D:\mysoftware\python\lib\site-packages\pluggy\__init__.py&quot;, line 617, in __call__
    return self._hookexec(self, self._nonwrappers + self._wrappers, kwargs)
  File &quot;D:\mysoftware\python\lib\site-packages\pluggy\__init__.py&quot;, line 222, in _hookexec
    return self._inner_hookexec(hook, methods, kwargs)
  File &quot;D:\mysoftware\python\lib\site-packages\pluggy\__init__.py&quot;, line 216, in &lt;lambda&gt;
    firstresult=hook.spec_opts.get(&#x27;firstresult&#x27;),
  File &quot;D:\mysoftware\python\lib\site-packages\pluggy\callers.py&quot;, line 180, in _multicall
    res = hook_impl.function(*args)
  File &quot;D:\mysoftware\python\lib\site-packages\_pytest\main.py&quot;, line 138, in pytest_cmdline_main
    return wrap_session(config, _main)
  File &quot;D:\mysoftware\python\lib\site-packages\_pytest\main.py&quot;, line 107, in wrap_session
    session.exitstatus = doit(config, session) or 0
  File &quot;D:\mysoftware\python\lib\site-packages\_pytest\main.py&quot;, line 145, in _main
    config.hook.pytest_runtestloop(session=session)
  File &quot;D:\mysoftware\python\lib\site-packages\pluggy\__init__.py&quot;, line 617, in __call__
    return self._hookexec(self, self._nonwrappers + self._wrappers, kwargs)
  File &quot;D:\mysoftware\python\lib\site-packages\pluggy\__init__.py&quot;, line 222, in _hookexec
    return self._inner_hookexec(hook, methods, kwargs)
  File &quot;D:\mysoftware\python\lib\site-packages\pluggy\__init__.py&quot;, line 216, in &lt;lambda&gt;
    firstresult=hook.spec_opts.get(&#x27;firstresult&#x27;),
  File &quot;D:\mysoftware\python\lib\site-packages\pluggy\callers.py&quot;, line 180, in _multicall
    res = hook_impl.function(*args)
  File &quot;D:\mysoftware\python\lib\site-packages\_pytest\main.py&quot;, line 168, in pytest_runtestloop
    item.config.hook.pytest_runtest_protocol(item=item, nextitem=nextitem)
  File &quot;D:\mysoftware\python\lib\site-packages\pluggy\__init__.py&quot;, line 617, in __call__
    return self._hookexec(self, self._nonwrappers + self._wrappers, kwargs)
  File &quot;D:\mysoftware\python\lib\site-packages\pluggy\__init__.py&quot;, line 222, in _hookexec
    return self._inner_hookexec(hook, methods, kwargs)
  File &quot;D:\mysoftware\python\lib\site-packages\pluggy\__init__.py&quot;, line 216, in &lt;lambda&gt;
    firstresult=hook.spec_opts.get(&#x27;firstresult&#x27;),
  File &quot;D:\mysoftware\python\lib\site-packages\pluggy\callers.py&quot;, line 180, in _multicall
    res = hook_impl.function(*args)
  File &quot;D:\mysoftware\python\lib\site-packages\_pytest\runner.py&quot;, line 62, in pytest_runtest_protocol
    runtestprotocol(item, nextitem=nextitem)
  File &quot;D:\mysoftware\python\lib\site-packages\_pytest\runner.py&quot;, line 79, in runtestprotocol
    reports.append(call_and_report(item, &quot;call&quot;, log))
  File &quot;D:\mysoftware\python\lib\site-packages\_pytest\runner.py&quot;, line 158, in call_and_report
    call = call_runtest_hook(item, when, **kwds)
  File &quot;D:\mysoftware\python\lib\site-packages\_pytest\runner.py&quot;, line 178, in call_runtest_hook
    return CallInfo(lambda: ihook(item=item, **kwds), when=when)
  File &quot;D:\mysoftware\python\lib\site-packages\_pytest\runner.py&quot;, line 192, in __init__
    self.result = func()
  File &quot;D:\mysoftware\python\lib\site-packages\_pytest\runner.py&quot;, line 178, in &lt;lambda&gt;
    return CallInfo(lambda: ihook(item=item, **kwds), when=when)
  File &quot;D:\mysoftware\python\lib\site-packages\pluggy\__init__.py&quot;, line 617, in __call__
    return self._hookexec(self, self._nonwrappers + self._wrappers, kwargs)
  File &quot;D:\mysoftware\python\lib\site-packages\pluggy\__init__.py&quot;, line 222, in _hookexec
    return self._inner_hookexec(hook, methods, kwargs)
  File &quot;D:\mysoftware\python\lib\site-packages\pluggy\__init__.py&quot;, line 216, in &lt;lambda&gt;
    firstresult=hook.spec_opts.get(&#x27;firstresult&#x27;),
  File &quot;D:\mysoftware\python\lib\site-packages\pluggy\callers.py&quot;, line 180, in _multicall
    res = hook_impl.function(*args)
  File &quot;D:\mysoftware\python\lib\site-packages\_pytest\runner.py&quot;, line 109, in pytest_runtest_call
    item.runtest()
  File &quot;D:\mysoftware\python\lib\site-packages\_pytest\python.py&quot;, line 1179, in runtest
    self.ihook.pytest_pyfunc_call(pyfuncitem=self)
  File &quot;D:\mysoftware\python\lib\site-packages\pluggy\__init__.py&quot;, line 617, in __call__
    return self._hookexec(self, self._nonwrappers + self._wrappers, kwargs)
  File &quot;D:\mysoftware\python\lib\site-packages\pluggy\__init__.py&quot;, line 222, in _hookexec
    return self._inner_hookexec(hook, methods, kwargs)
  File &quot;D:\mysoftware\python\lib\site-packages\pluggy\__init__.py&quot;, line 216, in &lt;lambda&gt;
    firstresult=hook.spec_opts.get(&#x27;firstresult&#x27;),
  File &quot;D:\mysoftware\python\lib\site-packages\pluggy\callers.py&quot;, line 180, in _multicall
    res = hook_impl.function(*args)
  File &quot;D:\mysoftware\python\lib\site-packages\_pytest\python.py&quot;, line 155, in pytest_pyfunc_call
    testfunction(**testargs)
  File &quot;C:\Users\17TRACK\eclipse-workspace\TestPython\pytest\web\TestCases\test_seller_center.py&quot;, line 41, in test_login
    page_title = logistics_track_page.get_current_page_title()
  File &quot;C:\Users\17TRACK\eclipse-workspace\TestPython\pytest\web\PageObject\LogisticsTrackPage.py&quot;, line 16, in get_current_page_title
    return self.get_page_title()
  File &quot;C:\Users\17TRACK\eclipse-workspace\TestPython\pytest\web\PageObject\BasePage.py&quot;, line 51, in get_page_title
    logger.info(&quot;当前页面title：&quot;, self.driver.title)
Message: &#x27;当前页面title：&#x27;
Arguments: (&#x27;账号登录 | 17TRACK&#x27;,)
--- Logging error ---
Traceback (most recent call last):
  File &quot;D:\mysoftware\python\lib\logging\__init__.py&quot;, line 992, in emit
    msg = self.format(record)
  File &quot;D:\mysoftware\python\lib\logging\__init__.py&quot;, line 838, in format
    return fmt.format(record)
  File &quot;D:\mysoftware\python\lib\logging\__init__.py&quot;, line 575, in format
    record.message = record.getMessage()
  File &quot;D:\mysoftware\python\lib\logging\__init__.py&quot;, line 338, in getMessage
    msg = msg % self.args
TypeError: not all arguments converted during string formatting
Call stack:
  File &quot;C:\Users\17TRACK\eclipse-workspace\TestPython\pytest\web\StartMain.py&quot;, line 27, in &lt;module&gt;
    pytest.main(config.pytest_cmd_path)
  File &quot;D:\mysoftware\python\lib\site-packages\_pytest\config.py&quot;, line 61, in main
    return config.hook.pytest_cmdline_main(config=config)
  File &quot;D:\mysoftware\python\lib\site-packages\pluggy\__init__.py&quot;, line 617, in __call__
    return self._hookexec(self, self._nonwrappers + self._wrappers, kwargs)
  File &quot;D:\mysoftware\python\lib\site-packages\pluggy\__init__.py&quot;, line 222, in _hookexec
    return self._inner_hookexec(hook, methods, kwargs)
  File &quot;D:\mysoftware\python\lib\site-packages\pluggy\__init__.py&quot;, line 216, in &lt;lambda&gt;
    firstresult=hook.spec_opts.get(&#x27;firstresult&#x27;),
  File &quot;D:\mysoftware\python\lib\site-packages\pluggy\callers.py&quot;, line 180, in _multicall
    res = hook_impl.function(*args)
  File &quot;D:\mysoftware\python\lib\site-packages\_pytest\main.py&quot;, line 138, in pytest_cmdline_main
    return wrap_session(config, _main)
  File &quot;D:\mysoftware\python\lib\site-packages\_pytest\main.py&quot;, line 107, in wrap_session
    session.exitstatus = doit(config, session) or 0
  File &quot;D:\mysoftware\python\lib\site-packages\_pytest\main.py&quot;, line 145, in _main
    config.hook.pytest_runtestloop(session=session)
  File &quot;D:\mysoftware\python\lib\site-packages\pluggy\__init__.py&quot;, line 617, in __call__
    return self._hookexec(self, self._nonwrappers + self._wrappers, kwargs)
  File &quot;D:\mysoftware\python\lib\site-packages\pluggy\__init__.py&quot;, line 222, in _hookexec
    return self._inner_hookexec(hook, methods, kwargs)
  File &quot;D:\mysoftware\python\lib\site-packages\pluggy\__init__.py&quot;, line 216, in &lt;lambda&gt;
    firstresult=hook.spec_opts.get(&#x27;firstresult&#x27;),
  File &quot;D:\mysoftware\python\lib\site-packages\pluggy\callers.py&quot;, line 180, in _multicall
    res = hook_impl.function(*args)
  File &quot;D:\mysoftware\python\lib\site-packages\_pytest\main.py&quot;, line 168, in pytest_runtestloop
    item.config.hook.pytest_runtest_protocol(item=item, nextitem=nextitem)
  File &quot;D:\mysoftware\python\lib\site-packages\pluggy\__init__.py&quot;, line 617, in __call__
    return self._hookexec(self, self._nonwrappers + self._wrappers, kwargs)
  File &quot;D:\mysoftware\python\lib\site-packages\pluggy\__init__.py&quot;, line 222, in _hookexec
    return self._inner_hookexec(hook, methods, kwargs)
  File &quot;D:\mysoftware\python\lib\site-packages\pluggy\__init__.py&quot;, line 216, in &lt;lambda&gt;
    firstresult=hook.spec_opts.get(&#x27;firstresult&#x27;),
  File &quot;D:\mysoftware\python\lib\site-packages\pluggy\callers.py&quot;, line 180, in _multicall
    res = hook_impl.function(*args)
  File &quot;D:\mysoftware\python\lib\site-packages\_pytest\runner.py&quot;, line 62, in pytest_runtest_protocol
    runtestprotocol(item, nextitem=nextitem)
  File &quot;D:\mysoftware\python\lib\site-packages\_pytest\runner.py&quot;, line 79, in runtestprotocol
    reports.append(call_and_report(item, &quot;call&quot;, log))
  File &quot;D:\mysoftware\python\lib\site-packages\_pytest\runner.py&quot;, line 158, in call_and_report
    call = call_runtest_hook(item, when, **kwds)
  File &quot;D:\mysoftware\python\lib\site-packages\_pytest\runner.py&quot;, line 178, in call_runtest_hook
    return CallInfo(lambda: ihook(item=item, **kwds), when=when)
  File &quot;D:\mysoftware\python\lib\site-packages\_pytest\runner.py&quot;, line 192, in __init__
    self.result = func()
  File &quot;D:\mysoftware\python\lib\site-packages\_pytest\runner.py&quot;, line 178, in &lt;lambda&gt;
    return CallInfo(lambda: ihook(item=item, **kwds), when=when)
  File &quot;D:\mysoftware\python\lib\site-packages\pluggy\__init__.py&quot;, line 617, in __call__
    return self._hookexec(self, self._nonwrappers + self._wrappers, kwargs)
  File &quot;D:\mysoftware\python\lib\site-packages\pluggy\__init__.py&quot;, line 222, in _hookexec
    return self._inner_hookexec(hook, methods, kwargs)
  File &quot;D:\mysoftware\python\lib\site-packages\pluggy\__init__.py&quot;, line 216, in &lt;lambda&gt;
    firstresult=hook.spec_opts.get(&#x27;firstresult&#x27;),
  File &quot;D:\mysoftware\python\lib\site-packages\pluggy\callers.py&quot;, line 180, in _multicall
    res = hook_impl.function(*args)
  File &quot;D:\mysoftware\python\lib\site-packages\_pytest\runner.py&quot;, line 109, in pytest_runtest_call
    item.runtest()
  File &quot;D:\mysoftware\python\lib\site-packages\_pytest\python.py&quot;, line 1179, in runtest
    self.ihook.pytest_pyfunc_call(pyfuncitem=self)
  File &quot;D:\mysoftware\python\lib\site-packages\pluggy\__init__.py&quot;, line 617, in __call__
    return self._hookexec(self, self._nonwrappers + self._wrappers, kwargs)
  File &quot;D:\mysoftware\python\lib\site-packages\pluggy\__init__.py&quot;, line 222, in _hookexec
    return self._inner_hookexec(hook, methods, kwargs)
  File &quot;D:\mysoftware\python\lib\site-packages\pluggy\__init__.py&quot;, line 216, in &lt;lambda&gt;
    firstresult=hook.spec_opts.get(&#x27;firstresult&#x27;),
  File &quot;D:\mysoftware\python\lib\site-packages\pluggy\callers.py&quot;, line 180, in _multicall
    res = hook_impl.function(*args)
  File &quot;D:\mysoftware\python\lib\site-packages\_pytest\python.py&quot;, line 155, in pytest_pyfunc_call
    testfunction(**testargs)
  File &quot;C:\Users\17TRACK\eclipse-workspace\TestPython\pytest\web\TestCases\test_seller_center.py&quot;, line 41, in test_login
    page_title = logistics_track_page.get_current_page_title()
  File &quot;C:\Users\17TRACK\eclipse-workspace\TestPython\pytest\web\PageObject\LogisticsTrackPage.py&quot;, line 16, in get_current_page_title
    return self.get_page_title()
  File &quot;C:\Users\17TRACK\eclipse-workspace\TestPython\pytest\web\PageObject\BasePage.py&quot;, line 51, in get_page_title
    logger.info(&quot;当前页面title：&quot;, self.driver.title)
Message: &#x27;当前页面title：&#x27;
Arguments: (&#x27;账号登录 | 17TRACK&#x27;,)
--- Logging error ---
Traceback (most recent call last):
  File &quot;D:\mysoftware\python\lib\logging\__init__.py&quot;, line 992, in emit
    msg = self.format(record)
  File &quot;D:\mysoftware\python\lib\logging\__init__.py&quot;, line 838, in format
    return fmt.format(record)
  File &quot;D:\mysoftware\python\lib\logging\__init__.py&quot;, line 575, in format
    record.message = record.getMessage()
  File &quot;D:\mysoftware\python\lib\logging\__init__.py&quot;, line 338, in getMessage
    msg = msg % self.args
TypeError: not all arguments converted during string formatting
Call stack:
  File &quot;C:\Users\17TRACK\eclipse-workspace\TestPython\pytest\web\StartMain.py&quot;, line 27, in &lt;module&gt;
    pytest.main(config.pytest_cmd_path)
  File &quot;D:\mysoftware\python\lib\site-packages\_pytest\config.py&quot;, line 61, in main
    return config.hook.pytest_cmdline_main(config=config)
  File &quot;D:\mysoftware\python\lib\site-packages\pluggy\__init__.py&quot;, line 617, in __call__
    return self._hookexec(self, self._nonwrappers + self._wrappers, kwargs)
  File &quot;D:\mysoftware\python\lib\site-packages\pluggy\__init__.py&quot;, line 222, in _hookexec
    return self._inner_hookexec(hook, methods, kwargs)
  File &quot;D:\mysoftware\python\lib\site-packages\pluggy\__init__.py&quot;, line 216, in &lt;lambda&gt;
    firstresult=hook.spec_opts.get(&#x27;firstresult&#x27;),
  File &quot;D:\mysoftware\python\lib\site-packages\pluggy\callers.py&quot;, line 180, in _multicall
    res = hook_impl.function(*args)
  File &quot;D:\mysoftware\python\lib\site-packages\_pytest\main.py&quot;, line 138, in pytest_cmdline_main
    return wrap_session(config, _main)
  File &quot;D:\mysoftware\python\lib\site-packages\_pytest\main.py&quot;, line 107, in wrap_session
    session.exitstatus = doit(config, session) or 0
  File &quot;D:\mysoftware\python\lib\site-packages\_pytest\main.py&quot;, line 145, in _main
    config.hook.pytest_runtestloop(session=session)
  File &quot;D:\mysoftware\python\lib\site-packages\pluggy\__init__.py&quot;, line 617, in __call__
    return self._hookexec(self, self._nonwrappers + self._wrappers, kwargs)
  File &quot;D:\mysoftware\python\lib\site-packages\pluggy\__init__.py&quot;, line 222, in _hookexec
    return self._inner_hookexec(hook, methods, kwargs)
  File &quot;D:\mysoftware\python\lib\site-packages\pluggy\__init__.py&quot;, line 216, in &lt;lambda&gt;
    firstresult=hook.spec_opts.get(&#x27;firstresult&#x27;),
  File &quot;D:\mysoftware\python\lib\site-packages\pluggy\callers.py&quot;, line 180, in _multicall
    res = hook_impl.function(*args)
  File &quot;D:\mysoftware\python\lib\site-packages\_pytest\main.py&quot;, line 168, in pytest_runtestloop
    item.config.hook.pytest_runtest_protocol(item=item, nextitem=nextitem)
  File &quot;D:\mysoftware\python\lib\site-packages\pluggy\__init__.py&quot;, line 617, in __call__
    return self._hookexec(self, self._nonwrappers + self._wrappers, kwargs)
  File &quot;D:\mysoftware\python\lib\site-packages\pluggy\__init__.py&quot;, line 222, in _hookexec
    return self._inner_hookexec(hook, methods, kwargs)
  File &quot;D:\mysoftware\python\lib\site-packages\pluggy\__init__.py&quot;, line 216, in &lt;lambda&gt;
    firstresult=hook.spec_opts.get(&#x27;firstresult&#x27;),
  File &quot;D:\mysoftware\python\lib\site-packages\pluggy\callers.py&quot;, line 180, in _multicall
    res = hook_impl.function(*args)
  File &quot;D:\mysoftware\python\lib\site-packages\_pytest\runner.py&quot;, line 62, in pytest_runtest_protocol
    runtestprotocol(item, nextitem=nextitem)
  File &quot;D:\mysoftware\python\lib\site-packages\_pytest\runner.py&quot;, line 79, in runtestprotocol
    reports.append(call_and_report(item, &quot;call&quot;, log))
  File &quot;D:\mysoftware\python\lib\site-packages\_pytest\runner.py&quot;, line 158, in call_and_report
    call = call_runtest_hook(item, when, **kwds)
  File &quot;D:\mysoftware\python\lib\site-packages\_pytest\runner.py&quot;, line 178, in call_runtest_hook
    return CallInfo(lambda: ihook(item=item, **kwds), when=when)
  File &quot;D:\mysoftware\python\lib\site-packages\_pytest\runner.py&quot;, line 192, in __init__
    self.result = func()
  File &quot;D:\mysoftware\python\lib\site-packages\_pytest\runner.py&quot;, line 178, in &lt;lambda&gt;
    return CallInfo(lambda: ihook(item=item, **kwds), when=when)
  File &quot;D:\mysoftware\python\lib\site-packages\pluggy\__init__.py&quot;, line 617, in __call__
    return self._hookexec(self, self._nonwrappers + self._wrappers, kwargs)
  File &quot;D:\mysoftware\python\lib\site-packages\pluggy\__init__.py&quot;, line 222, in _hookexec
    return self._inner_hookexec(hook, methods, kwargs)
  File &quot;D:\mysoftware\python\lib\site-packages\pluggy\__init__.py&quot;, line 216, in &lt;lambda&gt;
    firstresult=hook.spec_opts.get(&#x27;firstresult&#x27;),
  File &quot;D:\mysoftware\python\lib\site-packages\pluggy\callers.py&quot;, line 180, in _multicall
    res = hook_impl.function(*args)
  File &quot;D:\mysoftware\python\lib\site-packages\_pytest\runner.py&quot;, line 109, in pytest_runtest_call
    item.runtest()
  File &quot;D:\mysoftware\python\lib\site-packages\_pytest\python.py&quot;, line 1179, in runtest
    self.ihook.pytest_pyfunc_call(pyfuncitem=self)
  File &quot;D:\mysoftware\python\lib\site-packages\pluggy\__init__.py&quot;, line 617, in __call__
    return self._hookexec(self, self._nonwrappers + self._wrappers, kwargs)
  File &quot;D:\mysoftware\python\lib\site-packages\pluggy\__init__.py&quot;, line 222, in _hookexec
    return self._inner_hookexec(hook, methods, kwargs)
  File &quot;D:\mysoftware\python\lib\site-packages\pluggy\__init__.py&quot;, line 216, in &lt;lambda&gt;
    firstresult=hook.spec_opts.get(&#x27;firstresult&#x27;),
  File &quot;D:\mysoftware\python\lib\site-packages\pluggy\callers.py&quot;, line 180, in _multicall
    res = hook_impl.function(*args)
  File &quot;D:\mysoftware\python\lib\site-packages\_pytest\python.py&quot;, line 155, in pytest_pyfunc_call
    testfunction(**testargs)
  File &quot;C:\Users\17TRACK\eclipse-workspace\TestPython\pytest\web\TestCases\test_seller_center.py&quot;, line 41, in test_login
    page_title = logistics_track_page.get_current_page_title()
  File &quot;C:\Users\17TRACK\eclipse-workspace\TestPython\pytest\web\PageObject\LogisticsTrackPage.py&quot;, line 16, in get_current_page_title
    return self.get_page_title()
  File &quot;C:\Users\17TRACK\eclipse-workspace\TestPython\pytest\web\PageObject\BasePage.py&quot;, line 51, in get_page_title
    logger.info(&quot;当前页面title：&quot;, self.driver.title)
  File &quot;D:\mysoftware\python\lib\logging\__init__.py&quot;, line 1306, in info
    self._log(INFO, msg, args, **kwargs)
  File &quot;D:\mysoftware\python\lib\logging\__init__.py&quot;, line 1442, in _log
    self.handle(record)
  File &quot;D:\mysoftware\python\lib\logging\__init__.py&quot;, line 1452, in handle
    self.callHandlers(record)
  File &quot;D:\mysoftware\python\lib\logging\__init__.py&quot;, line 1514, in callHandlers
    hdlr.handle(record)
  File &quot;D:\mysoftware\python\lib\logging\__init__.py&quot;, line 863, in handle
    self.emit(record)
  File &quot;D:\mysoftware\python\lib\site-packages\_pytest\logging.py&quot;, line 177, in emit
    logging.StreamHandler.emit(self, record)
Message: &#x27;当前页面title：&#x27;
Arguments: (&#x27;账号登录 | 17TRACK&#x27;,)
------------------------------ Captured log call -------------------------------<br/>test_seller_center.py       32 INFO     账号登录 | 17TRACK
test_seller_center.py       38 INFO     卖家中心 | 17TRACK
test_seller_center.py       43 INFO     账号登录 | 17TRACK</div></td></tr></tbody></table></body></html>